<?xml version="1.0" encoding="UTF-8" ?>
<testsuites errors="7"
            failures="3"
            tests="12">

  <testsuite name="tests"
    errors="7" failures="3" hostname="" id="" package="tests" skipped="0"
    tests="12" time="21.56" timestamp="Thu, 01 Feb 2018 18:04:28 GMT">
  
    <testcase name="User Interface Test" classname="tests" time="6.161" assertions="18">

    

    

    

    

    

    

    

    

    

    

    

    

    

    

    

    

    

    
    </testcase>
  
    <testcase name="Navigation Link Test" classname="tests" time="1.348" assertions="10">

    

    

    

    

    

    

    

    

    

    
    </testcase>
  
    <testcase name="Save and Cancel Buttons Visibility Test" classname="tests" time="1.589" assertions="5">

    

    

    

    

    
    </testcase>
  
    <testcase name="Save Button Functionality Test" classname="tests" time="0.9090" assertions="6">

    

    

    

    

    

    
    </testcase>
  
    <testcase name="Cancel Button Functionality Test" classname="tests" time="0.7090" assertions="3">

    

    

    
    </testcase>
  
    <testcase name="Navigating Away From Changes Without Saving Test" classname="tests" time="0.7810" assertions="3">

    

    

    
    </testcase>
  
    <testcase name="Name Field Inputs Test" classname="tests" time="1.731" assertions="7">

    

    

      <failure message="Testing if value of &lt;div[class = &#34;errorCard&#34;]&gt; contains: &#34;The name field must be between 1 and 30 characters long.&#34;. Element could not be located.">    at Object.Name Field Inputs Test (C:\devmtn\automate-employee-manager\nightwatch\tests\tests.js:133:21)
    at _combinedTickCallback (internal/process/next_tick.js:131:7)</failure>

      <failure message="Testing if element &lt;div[class = &#34;errorCard&#34;]&gt; contains text: &#34;The name field must be between 1 and 30 characters long.&#34;. Element could not be located.">    at Object.Name Field Inputs Test (C:\devmtn\automate-employee-manager\nightwatch\tests\tests.js:139:21)
    at _combinedTickCallback (internal/process/next_tick.js:131:7)</failure>

    

      <failure message="Testing if element &lt;div[class = &#34;errorCard&#34;]&gt; contains text: &#34;The name field must be between 1 and 30 characters long.&#34;. Element could not be located.">    at Object.Name Field Inputs Test (C:\devmtn\automate-employee-manager\nightwatch\tests\tests.js:160:21)
    at _combinedTickCallback (internal/process/next_tick.js:131:7)</failure>

    
    </testcase>
  
    <testcase name="Phone Number Field Test" classname="tests" time="2.897" assertions="13">

    

    

    

    

    

    

    

    

      <failure message="Testing if element &lt;div[class = &#34;errorCard&#34;]&gt; contains text: &#34;The phone number must be a valid 10 digit US number.&#34;. Element could not be located.">    at Object.Phone Number Field Test (C:\devmtn\automate-employee-manager\nightwatch\tests\tests.js:223:21)
    at _combinedTickCallback (internal/process/next_tick.js:131:7)</failure>

    

    

    

    
    </testcase>
  
    <testcase name="Title Field Test" classname="tests" time="1.686" assertions="7">

    

    

      <failure message="Testing if value of &lt;div[class = &#34;errorCard&#34;]&gt; contains: &#34;The title field must be between 1 and 30 characters long.&#34;. Element could not be located.">    at Object.Title Field Test (C:\devmtn\automate-employee-manager\nightwatch\tests\tests.js:275:21)
    at _combinedTickCallback (internal/process/next_tick.js:131:7)</failure>

      <failure message="Testing if element &lt;div[class = &#34;errorCard&#34;]&gt; contains text: &#34;The title field must be between 1 and 30 characters long.&#34;. Element could not be located.">    at Object.Title Field Test (C:\devmtn\automate-employee-manager\nightwatch\tests\tests.js:281:21)
    at _combinedTickCallback (internal/process/next_tick.js:131:7)</failure>

    

      <failure message="Testing if element &lt;div[class = &#34;errorCard&#34;]&gt; contains text: &#34;The phone number must be a valid 10 digit US number.&#34;. Element could not be located.">    at Object.Title Field Test (C:\devmtn\automate-employee-manager\nightwatch\tests\tests.js:300:21)
    at _combinedTickCallback (internal/process/next_tick.js:131:7)</failure>

    
    </testcase>
  
    <testcase name="Add Employee Test" classname="tests" time="0.4220" assertions="3">

    

    

    
    </testcase>
  
    <testcase name="Save After Error Test" classname="tests" time="1.433" assertions="4">

    

    

    

    
    </testcase>
  
    <testcase name="Employee Information Test" classname="tests" time="1.894" assertions="40">

    

    

    

    

    

    

    

    

    

    

    

    

    

    

    

    

    

    

    

    

    

    

    

    

    

    

    

    

    

    

    

    

    

    

    

    

    

    

    

    
    </testcase>
  

  
    <system-err>
      ERROR: Unable to locate element: &#34;div[class = &#34;errorCard&#34;]&#34; using: css selector
    at F.command (C:\Users\DoctaWong\AppData\Roaming\npm\node_modules\nightwatch\lib\api\assertions\valueContains.js:50:21)
    at F.module.exports.BaseAssertion._scheduleAssertion (C:\Users\DoctaWong\AppData\Roaming\npm\node_modules\nightwatch\lib\core\assertion.js:87:17)
    at F.module.exports.BaseAssertion._executeCommand (C:\Users\DoctaWong\AppData\Roaming\npm\node_modules\nightwatch\lib\core\assertion.js:82:17)
    at AssertionInstance.commandFn [as _commandFn] (C:\Users\DoctaWong\AppData\Roaming\npm\node_modules\nightwatch\lib\core\assertion.js:180:21)
    at AsyncTree.runCommand (C:\Users\DoctaWong\AppData\Roaming\npm\node_modules\nightwatch\lib\core\queue.js:154:30)
    at AsyncTree.runChildNode (C:\Users\DoctaWong\AppData\Roaming\npm\node_modules\nightwatch\lib\core\queue.js:114:8)
    at AsyncTree.walkDown (C:\Users\DoctaWong\AppData\Roaming\npm\node_modules\nightwatch\lib\core\queue.js:80:10)
    at AsyncTree.walkUp (C:\Users\DoctaWong\AppData\Roaming\npm\node_modules\nightwatch\lib\core\queue.js:97:8)
    at AsyncTree.walkDown (C:\Users\DoctaWong\AppData\Roaming\npm\node_modules\nightwatch\lib\core\queue.js:90:12)
    at AsyncTree.traverse (C:\Users\DoctaWong\AppData\Roaming\npm\node_modules\nightwatch\lib\core\queue.js:73:8)
ERROR: Unable to locate element: &#34;div[class = &#34;errorCard&#34;]&#34; using: css selector
    at F.command (C:\Users\DoctaWong\AppData\Roaming\npm\node_modules\nightwatch\lib\api\assertions\containsText.js:46:21)
    at F.module.exports.BaseAssertion._scheduleAssertion (C:\Users\DoctaWong\AppData\Roaming\npm\node_modules\nightwatch\lib\core\assertion.js:87:17)
    at F.module.exports.BaseAssertion._executeCommand (C:\Users\DoctaWong\AppData\Roaming\npm\node_modules\nightwatch\lib\core\assertion.js:82:17)
    at AssertionInstance.commandFn [as _commandFn] (C:\Users\DoctaWong\AppData\Roaming\npm\node_modules\nightwatch\lib\core\assertion.js:180:21)
    at AsyncTree.runCommand (C:\Users\DoctaWong\AppData\Roaming\npm\node_modules\nightwatch\lib\core\queue.js:154:30)
    at AsyncTree.runChildNode (C:\Users\DoctaWong\AppData\Roaming\npm\node_modules\nightwatch\lib\core\queue.js:114:8)
    at AsyncTree.walkDown (C:\Users\DoctaWong\AppData\Roaming\npm\node_modules\nightwatch\lib\core\queue.js:80:10)
    at AsyncTree.walkUp (C:\Users\DoctaWong\AppData\Roaming\npm\node_modules\nightwatch\lib\core\queue.js:97:8)
    at AsyncTree.walkDown (C:\Users\DoctaWong\AppData\Roaming\npm\node_modules\nightwatch\lib\core\queue.js:90:12)
    at AsyncTree.traverse (C:\Users\DoctaWong\AppData\Roaming\npm\node_modules\nightwatch\lib\core\queue.js:73:8)
ERROR: Unable to locate element: &#34;div[class = &#34;errorCard&#34;]&#34; using: css selector
    at F.command (C:\Users\DoctaWong\AppData\Roaming\npm\node_modules\nightwatch\lib\api\assertions\containsText.js:46:21)
    at F.module.exports.BaseAssertion._scheduleAssertion (C:\Users\DoctaWong\AppData\Roaming\npm\node_modules\nightwatch\lib\core\assertion.js:87:17)
    at F.module.exports.BaseAssertion._executeCommand (C:\Users\DoctaWong\AppData\Roaming\npm\node_modules\nightwatch\lib\core\assertion.js:82:17)
    at AssertionInstance.commandFn [as _commandFn] (C:\Users\DoctaWong\AppData\Roaming\npm\node_modules\nightwatch\lib\core\assertion.js:180:21)
    at AsyncTree.runCommand (C:\Users\DoctaWong\AppData\Roaming\npm\node_modules\nightwatch\lib\core\queue.js:154:30)
    at AsyncTree.runChildNode (C:\Users\DoctaWong\AppData\Roaming\npm\node_modules\nightwatch\lib\core\queue.js:114:8)
    at AsyncTree.walkDown (C:\Users\DoctaWong\AppData\Roaming\npm\node_modules\nightwatch\lib\core\queue.js:80:10)
    at AsyncTree.walkUp (C:\Users\DoctaWong\AppData\Roaming\npm\node_modules\nightwatch\lib\core\queue.js:97:8)
    at AsyncTree.walkDown (C:\Users\DoctaWong\AppData\Roaming\npm\node_modules\nightwatch\lib\core\queue.js:90:12)
    at AsyncTree.traverse (C:\Users\DoctaWong\AppData\Roaming\npm\node_modules\nightwatch\lib\core\queue.js:73:8)
ERROR: Unable to locate element: &#34;div[class = &#34;errorCard&#34;]&#34; using: css selector
    at F.command (C:\Users\DoctaWong\AppData\Roaming\npm\node_modules\nightwatch\lib\api\assertions\containsText.js:46:21)
    at F.module.exports.BaseAssertion._scheduleAssertion (C:\Users\DoctaWong\AppData\Roaming\npm\node_modules\nightwatch\lib\core\assertion.js:87:17)
    at F.module.exports.BaseAssertion._executeCommand (C:\Users\DoctaWong\AppData\Roaming\npm\node_modules\nightwatch\lib\core\assertion.js:82:17)
    at AssertionInstance.commandFn [as _commandFn] (C:\Users\DoctaWong\AppData\Roaming\npm\node_modules\nightwatch\lib\core\assertion.js:180:21)
    at AsyncTree.runCommand (C:\Users\DoctaWong\AppData\Roaming\npm\node_modules\nightwatch\lib\core\queue.js:154:30)
    at AsyncTree.runChildNode (C:\Users\DoctaWong\AppData\Roaming\npm\node_modules\nightwatch\lib\core\queue.js:114:8)
    at AsyncTree.walkDown (C:\Users\DoctaWong\AppData\Roaming\npm\node_modules\nightwatch\lib\core\queue.js:80:10)
    at AsyncTree.walkUp (C:\Users\DoctaWong\AppData\Roaming\npm\node_modules\nightwatch\lib\core\queue.js:97:8)
    at AsyncTree.walkDown (C:\Users\DoctaWong\AppData\Roaming\npm\node_modules\nightwatch\lib\core\queue.js:90:12)
    at AsyncTree.traverse (C:\Users\DoctaWong\AppData\Roaming\npm\node_modules\nightwatch\lib\core\queue.js:73:8)
ERROR: Unable to locate element: &#34;div[class = &#34;errorCard&#34;]&#34; using: css selector
    at F.command (C:\Users\DoctaWong\AppData\Roaming\npm\node_modules\nightwatch\lib\api\assertions\valueContains.js:50:21)
    at F.module.exports.BaseAssertion._scheduleAssertion (C:\Users\DoctaWong\AppData\Roaming\npm\node_modules\nightwatch\lib\core\assertion.js:87:17)
    at F.module.exports.BaseAssertion._executeCommand (C:\Users\DoctaWong\AppData\Roaming\npm\node_modules\nightwatch\lib\core\assertion.js:82:17)
    at AssertionInstance.commandFn [as _commandFn] (C:\Users\DoctaWong\AppData\Roaming\npm\node_modules\nightwatch\lib\core\assertion.js:180:21)
    at AsyncTree.runCommand (C:\Users\DoctaWong\AppData\Roaming\npm\node_modules\nightwatch\lib\core\queue.js:154:30)
    at AsyncTree.runChildNode (C:\Users\DoctaWong\AppData\Roaming\npm\node_modules\nightwatch\lib\core\queue.js:114:8)
    at AsyncTree.walkDown (C:\Users\DoctaWong\AppData\Roaming\npm\node_modules\nightwatch\lib\core\queue.js:80:10)
    at AsyncTree.walkUp (C:\Users\DoctaWong\AppData\Roaming\npm\node_modules\nightwatch\lib\core\queue.js:97:8)
    at AsyncTree.walkDown (C:\Users\DoctaWong\AppData\Roaming\npm\node_modules\nightwatch\lib\core\queue.js:90:12)
    at AsyncTree.traverse (C:\Users\DoctaWong\AppData\Roaming\npm\node_modules\nightwatch\lib\core\queue.js:73:8)
ERROR: Unable to locate element: &#34;div[class = &#34;errorCard&#34;]&#34; using: css selector
    at F.command (C:\Users\DoctaWong\AppData\Roaming\npm\node_modules\nightwatch\lib\api\assertions\containsText.js:46:21)
    at F.module.exports.BaseAssertion._scheduleAssertion (C:\Users\DoctaWong\AppData\Roaming\npm\node_modules\nightwatch\lib\core\assertion.js:87:17)
    at F.module.exports.BaseAssertion._executeCommand (C:\Users\DoctaWong\AppData\Roaming\npm\node_modules\nightwatch\lib\core\assertion.js:82:17)
    at AssertionInstance.commandFn [as _commandFn] (C:\Users\DoctaWong\AppData\Roaming\npm\node_modules\nightwatch\lib\core\assertion.js:180:21)
    at AsyncTree.runCommand (C:\Users\DoctaWong\AppData\Roaming\npm\node_modules\nightwatch\lib\core\queue.js:154:30)
    at AsyncTree.runChildNode (C:\Users\DoctaWong\AppData\Roaming\npm\node_modules\nightwatch\lib\core\queue.js:114:8)
    at AsyncTree.walkDown (C:\Users\DoctaWong\AppData\Roaming\npm\node_modules\nightwatch\lib\core\queue.js:80:10)
    at AsyncTree.walkUp (C:\Users\DoctaWong\AppData\Roaming\npm\node_modules\nightwatch\lib\core\queue.js:97:8)
    at AsyncTree.walkDown (C:\Users\DoctaWong\AppData\Roaming\npm\node_modules\nightwatch\lib\core\queue.js:90:12)
    at AsyncTree.traverse (C:\Users\DoctaWong\AppData\Roaming\npm\node_modules\nightwatch\lib\core\queue.js:73:8)
ERROR: Unable to locate element: &#34;div[class = &#34;errorCard&#34;]&#34; using: css selector
    at F.command (C:\Users\DoctaWong\AppData\Roaming\npm\node_modules\nightwatch\lib\api\assertions\containsText.js:46:21)
    at F.module.exports.BaseAssertion._scheduleAssertion (C:\Users\DoctaWong\AppData\Roaming\npm\node_modules\nightwatch\lib\core\assertion.js:87:17)
    at F.module.exports.BaseAssertion._executeCommand (C:\Users\DoctaWong\AppData\Roaming\npm\node_modules\nightwatch\lib\core\assertion.js:82:17)
    at AssertionInstance.commandFn [as _commandFn] (C:\Users\DoctaWong\AppData\Roaming\npm\node_modules\nightwatch\lib\core\assertion.js:180:21)
    at AsyncTree.runCommand (C:\Users\DoctaWong\AppData\Roaming\npm\node_modules\nightwatch\lib\core\queue.js:154:30)
    at AsyncTree.runChildNode (C:\Users\DoctaWong\AppData\Roaming\npm\node_modules\nightwatch\lib\core\queue.js:114:8)
    at AsyncTree.walkDown (C:\Users\DoctaWong\AppData\Roaming\npm\node_modules\nightwatch\lib\core\queue.js:80:10)
    at AsyncTree.walkUp (C:\Users\DoctaWong\AppData\Roaming\npm\node_modules\nightwatch\lib\core\queue.js:97:8)
    at AsyncTree.walkDown (C:\Users\DoctaWong\AppData\Roaming\npm\node_modules\nightwatch\lib\core\queue.js:90:12)
    at AsyncTree.traverse (C:\Users\DoctaWong\AppData\Roaming\npm\node_modules\nightwatch\lib\core\queue.js:73:8)
    </system-err>
  

  
  </testsuite>
</testsuites>
